Determining if the Q_WS_X11 exist failed with the following output:
Change Dir: /Users/yanzixu/Documents/LazGUI/BUILD/CMakeFiles/CMakeTmp

Run Build Command:/Applications/CMake\ 2.8-12.app/Contents/bin/cmakexbuild -project CMAKE_TRY_COMPILE.xcodeproj build -target cmTryCompileExec921102021 -configuration Debug
2014-11-15 19:15:52.403 xcodebuild[18038:1007] Error loading /Users/yanzixu/Library/Application Support/Developer/Shared/Xcode/Plug-ins/CodePilot3.xcplugin/Contents/MacOS/CodePilot3:  dlopen(/Users/yanzixu/Library/Application Support/Developer/Shared/Xcode/Plug-ins/CodePilot3.xcplugin/Contents/MacOS/CodePilot3, 265): Symbol not found: _OBJC_CLASS_$_IDESourceCodeDocument
  Referenced from: /Users/yanzixu/Library/Application Support/Developer/Shared/Xcode/Plug-ins/CodePilot3.xcplugin/Contents/MacOS/CodePilot3
  Expected in: flat namespace
 in /Users/yanzixu/Library/Application Support/Developer/Shared/Xcode/Plug-ins/CodePilot3.xcplugin/Contents/MacOS/CodePilot3
2014-11-15 19:15:52.404 xcodebuild[18038:1007] WARNING: Failed to load plugin at: /Users/yanzixu/Library/Application Support/Developer/Shared/Xcode/Plug-ins/CodePilot3.xcplugin, skipping.  Could not load bundle.
=== BUILD TARGET cmTryCompileExec921102021 OF PROJECT CMAKE_TRY_COMPILE WITH CONFIGURATION Debug ===

Check dependencies

CompileC CMAKE_TRY_COMPILE.build/Debug/cmTryCompileExec921102021.build/Objects-normal/x86_64/CheckSymbolExists.o CheckSymbolExists.cxx normal x86_64 c++ com.apple.compilers.llvm.clang.1_0.compiler
    cd /Users/yanzixu/Documents/LazGUI/BUILD/CMakeFiles/CMakeTmp
    /Applications/Xcode.app/Contents/Developer/Toolchains/XcodeDefault.xctoolchain/usr/bin/clang -x c++ -arch x86_64 -fmessage-length=0 -fdiagnostics-show-note-include-stack -fmacro-backtrace-limit=0 -Wno-trigraphs -fpascal-strings -O0 -Wno-missing-field-initializers -Wno-missing-prototypes -Wno-return-type -Wno-non-virtual-dtor -Wno-overloaded-virtual -Wno-exit-time-destructors -Wno-missing-braces -Wparentheses -Wswitch -Wno-unused-function -Wno-unused-label -Wno-unused-parameter -Wno-unused-variable -Wunused-value -Wno-empty-body -Wno-uninitialized -Wno-unknown-pragmas -Wno-shadow -Wno-four-char-constants -Wno-conversion -Wno-cons** BUILD FAILED **


The following build commands failed:
	CompileC CMAKE_TRY_COMPILE.build/Debug/cmTryCompileExec921102021.build/Objects-normal/x86_64/CheckSymbolExists.o CheckSymbolExists.cxx normal x86_64 c++ com.apple.compilers.llvm.clang.1_0.compiler
(1 failure)
tant-conversion -Wno-int-conversion -Wno-bool-conversion -Wno-enum-conversion -Wno-shorten-64-to-32 -Wno-newline-eof -Wno-c++11-extensions -DCMAKE_INTDIR=\"Debug\" -isysroot /Applications/Xcode.app/Contents/Developer/Platforms/MacOSX.platform/Developer/SDKs/MacOSX10.9.sdk -fasm-blocks -fstrict-aliasing -Wdeprecated-declarations -Winvalid-offsetof -mmacosx-version-min=10.9 -Wno-sign-conversion -I/Users/yanzixu/Documents/LazGUI/BUILD/CMakeFiles/CMakeTmp/Debug/include -I/Applications/Xcode.app/Contents/Developer/Toolchains/XcodeDefault.xctoolchain/usr/include -I/Users/yanzixu/Documents/LazGUI/BUILD/CMakeFiles/CMakeTmp/CMAKE_TRY_COMPILE.build/Debug/cmTryCompileExec921102021.build/DerivedSources/x86_64 -I/Users/yanzixu/Documents/LazGUI/BUILD/CMakeFiles/CMakeTmp/CMAKE_TRY_COMPILE.build/Debug/cmTryCompileExec921102021.build/DerivedSources -Wmost -Wno-four-char-constants -Wno-unknown-pragmas -F/Users/yanzixu/Documents/LazGUI/BUILD/CMakeFiles/CMakeTmp/Debug -F/Library/Frameworks -g -MMD -MT dependencies -MF /Users/yanzixu/Documents/LazGUI/BUILD/CMakeFiles/CMakeTmp/CMAKE_TRY_COMPILE.build/Debug/cmTryCompileExec921102021.build/Objects-normal/x86_64/CheckSymbolExists.d --serialize-diagnostics /Users/yanzixu/Documents/LazGUI/BUILD/CMakeFiles/CMakeTmp/CMAKE_TRY_COMPILE.build/Debug/cmTryCompileExec921102021.build/Objects-normal/x86_64/CheckSymbolExists.dia -c /Users/yanzixu/Documents/LazGUI/BUILD/CMakeFiles/CMakeTmp/CheckSymbolExists.cxx -o /Users/yanzixu/Documents/LazGUI/BUILD/CMakeFiles/CMakeTmp/CMAKE_TRY_COMPILE.build/Debug/cmTryCompileExec921102021.build/Objects-normal/x86_64/CheckSymbolExists.o
/Users/yanzixu/Documents/LazGUI/BUILD/CMakeFiles/CMakeTmp/CheckSymbolExists.cxx:8:19: error: use of undeclared identifier 'Q_WS_X11'
  return ((int*)(&Q_WS_X11))[argc];
                  ^
1 error generated.


File /Users/yanzixu/Documents/LazGUI/BUILD/CMakeFiles/CMakeTmp/CheckSymbolExists.cxx:
/* */
#include <QtCore/qglobal.h>

int main(int argc, char** argv)
{
  (void)argv;
#ifndef Q_WS_X11
  return ((int*)(&Q_WS_X11))[argc];
#else
  (void)argc;
  return 0;
#endif
}

Determining if the Q_WS_WIN exist failed with the following output:
Change Dir: /Users/yanzixu/Documents/LazGUI/BUILD/CMakeFiles/CMakeTmp

Run Build Command:/Applications/CMake\ 2.8-12.app/Contents/bin/cmakexbuild -project CMAKE_TRY_COMPILE.xcodeproj build -target cmTryCompileExec3199456034 -configuration Debug
2014-11-15 19:15:52.829 xcodebuild[18053:1007] Error loading /Users/yanzixu/Library/Application Support/Developer/Shared/Xcode/Plug-ins/CodePilot3.xcplugin/Contents/MacOS/CodePilot3:  dlopen(/Users/yanzixu/Library/Application Support/Developer/Shared/Xcode/Plug-ins/CodePilot3.xcplugin/Contents/MacOS/CodePilot3, 265): Symbol not found: _OBJC_CLASS_$_IDESourceCodeDocument
  Referenced from: /Users/yanzixu/Library/Application Support/Developer/Shared/Xcode/Plug-ins/CodePilot3.xcplugin/Contents/MacOS/CodePilot3
  Expected in: flat namespace
 in /Users/yanzixu/Library/Application Support/Developer/Shared/Xcode/Plug-ins/CodePilot3.xcplugin/Contents/MacOS/CodePilot3
2014-11-15 19:15:52.830 xcodebuild[18053:1007] WARNING: Failed to load plugin at: /Users/yanzixu/Library/Application Support/Developer/Shared/Xcode/Plug-ins/CodePilot3.xcplugin, skipping.  Could not load bundle.
=== BUILD TARGET cmTryCompileExec3199456034 OF PROJECT CMAKE_TRY_COMPILE WITH CONFIGURATION Debug ===

Check dependencies

CompileC CMAKE_TRY_COMPILE.build/Debug/cmTryCompileExec3199456034.build/Objects-normal/x86_64/CheckSymbolExists.o CheckSymbolExists.cxx normal x86_64 c++ com.apple.compilers.llvm.clang.1_0.compiler
    cd /Users/yanzixu/Documents/LazGUI/BUILD/CMakeFiles/CMakeTmp
    /Applications/Xcode.app/Contents/Developer/Toolchains/XcodeDefault.xctoolchain/usr/bin/clang -x c++ -arch x86_64 -fmessage-length=0 -fdiagnostics-show-note-include-stack -fmacro-backtrace-limit=0 -Wno-trigraphs -fpascal-strings -O0 -Wno-missing-field-initializers -Wno-missing-prototypes -Wno-return-type -Wno-non-virtual-dtor -Wno-overloaded-virtual -Wno-exit-time-destructors -Wno-missing-braces -Wparentheses -Wswitch -Wno-unused-function -Wno-unused-label -Wno-unused-parameter -Wno-unused-variable -Wunused-value -Wno-empty-body -Wno-uninitialized -Wno-unknown-pragmas -Wno-shadow -Wno-four-char-constants -Wno-conversion -Wno-co** BUILD FAILED **


The following build commands failed:
	CompileC CMAKE_TRY_COMPILE.build/Debug/cmTryCompileExec3199456034.build/Objects-normal/x86_64/CheckSymbolExists.o CheckSymbolExists.cxx normal x86_64 c++ com.apple.compilers.llvm.clang.1_0.compiler
(1 failure)
nstant-conversion -Wno-int-conversion -Wno-bool-conversion -Wno-enum-conversion -Wno-shorten-64-to-32 -Wno-newline-eof -Wno-c++11-extensions -DCMAKE_INTDIR=\"Debug\" -isysroot /Applications/Xcode.app/Contents/Developer/Platforms/MacOSX.platform/Developer/SDKs/MacOSX10.9.sdk -fasm-blocks -fstrict-aliasing -Wdeprecated-declarations -Winvalid-offsetof -mmacosx-version-min=10.9 -Wno-sign-conversion -I/Users/yanzixu/Documents/LazGUI/BUILD/CMakeFiles/CMakeTmp/Debug/include -I/Applications/Xcode.app/Contents/Developer/Toolchains/XcodeDefault.xctoolchain/usr/include -I/Users/yanzixu/Documents/LazGUI/BUILD/CMakeFiles/CMakeTmp/CMAKE_TRY_COMPILE.build/Debug/cmTryCompileExec3199456034.build/DerivedSources/x86_64 -I/Users/yanzixu/Documents/LazGUI/BUILD/CMakeFiles/CMakeTmp/CMAKE_TRY_COMPILE.build/Debug/cmTryCompileExec3199456034.build/DerivedSources -Wmost -Wno-four-char-constants -Wno-unknown-pragmas -F/Users/yanzixu/Documents/LazGUI/BUILD/CMakeFiles/CMakeTmp/Debug -F/Library/Frameworks -g -MMD -MT dependencies -MF /Users/yanzixu/Documents/LazGUI/BUILD/CMakeFiles/CMakeTmp/CMAKE_TRY_COMPILE.build/Debug/cmTryCompileExec3199456034.build/Objects-normal/x86_64/CheckSymbolExists.d --serialize-diagnostics /Users/yanzixu/Documents/LazGUI/BUILD/CMakeFiles/CMakeTmp/CMAKE_TRY_COMPILE.build/Debug/cmTryCompileExec3199456034.build/Objects-normal/x86_64/CheckSymbolExists.dia -c /Users/yanzixu/Documents/LazGUI/BUILD/CMakeFiles/CMakeTmp/CheckSymbolExists.cxx -o /Users/yanzixu/Documents/LazGUI/BUILD/CMakeFiles/CMakeTmp/CMAKE_TRY_COMPILE.build/Debug/cmTryCompileExec3199456034.build/Objects-normal/x86_64/CheckSymbolExists.o
/Users/yanzixu/Documents/LazGUI/BUILD/CMakeFiles/CMakeTmp/CheckSymbolExists.cxx:8:19: error: use of undeclared identifier 'Q_WS_WIN'
  return ((int*)(&Q_WS_WIN))[argc];
                  ^
1 error generated.


File /Users/yanzixu/Documents/LazGUI/BUILD/CMakeFiles/CMakeTmp/CheckSymbolExists.cxx:
/* */
#include <QtCore/qglobal.h>

int main(int argc, char** argv)
{
  (void)argv;
#ifndef Q_WS_WIN
  return ((int*)(&Q_WS_WIN))[argc];
#else
  (void)argc;
  return 0;
#endif
}

Determining if the Q_WS_QWS exist failed with the following output:
Change Dir: /Users/yanzixu/Documents/LazGUI/BUILD/CMakeFiles/CMakeTmp

Run Build Command:/Applications/CMake\ 2.8-12.app/Contents/bin/cmakexbuild -project CMAKE_TRY_COMPILE.xcodeproj build -target cmTryCompileExec110201601 -configuration Debug
2014-11-15 19:15:53.262 xcodebuild[18066:1007] Error loading /Users/yanzixu/Library/Application Support/Developer/Shared/Xcode/Plug-ins/CodePilot3.xcplugin/Contents/MacOS/CodePilot3:  dlopen(/Users/yanzixu/Library/Application Support/Developer/Shared/Xcode/Plug-ins/CodePilot3.xcplugin/Contents/MacOS/CodePilot3, 265): Symbol not found: _OBJC_CLASS_$_IDESourceCodeDocument
  Referenced from: /Users/yanzixu/Library/Application Support/Developer/Shared/Xcode/Plug-ins/CodePilot3.xcplugin/Contents/MacOS/CodePilot3
  Expected in: flat namespace
 in /Users/yanzixu/Library/Application Support/Developer/Shared/Xcode/Plug-ins/CodePilot3.xcplugin/Contents/MacOS/CodePilot3
2014-11-15 19:15:53.263 xcodebuild[18066:1007] WARNING: Failed to load plugin at: /Users/yanzixu/Library/Application Support/Developer/Shared/Xcode/Plug-ins/CodePilot3.xcplugin, skipping.  Could not load bundle.
=== BUILD TARGET cmTryCompileExec110201601 OF PROJECT CMAKE_TRY_COMPILE WITH CONFIGURATION Debug ===

Check dependencies

CompileC CMAKE_TRY_COMPILE.build/Debug/cmTryCompileExec110201601.build/Objects-normal/x86_64/CheckSymbolExists.o CheckSymbolExists.cxx normal x86_64 c++ com.apple.compilers.llvm.clang.1_0.compiler
    cd /Users/yanzixu/Documents/LazGUI/BUILD/CMakeFiles/CMakeTmp
    /Applications/Xcode.app/Contents/Developer/Toolchains/XcodeDefault.xctoolchain/usr/bin/clang -x c++ -arch x86_64 -fmessage-length=0 -fdiagnostics-show-note-include-stack -fmacro-backtrace-limit=0 -Wno-trigraphs -fpascal-strings -O0 -Wno-missing-field-initializers -Wno-missing-prototypes -Wno-return-type -Wno-non-virtual-dtor -Wno-overloaded-virtual -Wno-exit-time-destructors -Wno-missing-braces -Wparentheses -Wswitch -Wno-unused-function -Wno-unused-label -Wno-unused-parameter -Wno-unused-variable -Wunused-value -Wno-empty-body -Wno-uninitialized -Wno-unknown-pragmas -Wno-shadow -Wno-four-char-constants -Wno-conversion -Wno-cons** BUILD FAILED **


The following build commands failed:
	CompileC CMAKE_TRY_COMPILE.build/Debug/cmTryCompileExec110201601.build/Objects-normal/x86_64/CheckSymbolExists.o CheckSymbolExists.cxx normal x86_64 c++ com.apple.compilers.llvm.clang.1_0.compiler
(1 failure)
tant-conversion -Wno-int-conversion -Wno-bool-conversion -Wno-enum-conversion -Wno-shorten-64-to-32 -Wno-newline-eof -Wno-c++11-extensions -DCMAKE_INTDIR=\"Debug\" -isysroot /Applications/Xcode.app/Contents/Developer/Platforms/MacOSX.platform/Developer/SDKs/MacOSX10.9.sdk -fasm-blocks -fstrict-aliasing -Wdeprecated-declarations -Winvalid-offsetof -mmacosx-version-min=10.9 -Wno-sign-conversion -I/Users/yanzixu/Documents/LazGUI/BUILD/CMakeFiles/CMakeTmp/Debug/include -I/Applications/Xcode.app/Contents/Developer/Toolchains/XcodeDefault.xctoolchain/usr/include -I/Users/yanzixu/Documents/LazGUI/BUILD/CMakeFiles/CMakeTmp/CMAKE_TRY_COMPILE.build/Debug/cmTryCompileExec110201601.build/DerivedSources/x86_64 -I/Users/yanzixu/Documents/LazGUI/BUILD/CMakeFiles/CMakeTmp/CMAKE_TRY_COMPILE.build/Debug/cmTryCompileExec110201601.build/DerivedSources -Wmost -Wno-four-char-constants -Wno-unknown-pragmas -F/Users/yanzixu/Documents/LazGUI/BUILD/CMakeFiles/CMakeTmp/Debug -F/Library/Frameworks -g -MMD -MT dependencies -MF /Users/yanzixu/Documents/LazGUI/BUILD/CMakeFiles/CMakeTmp/CMAKE_TRY_COMPILE.build/Debug/cmTryCompileExec110201601.build/Objects-normal/x86_64/CheckSymbolExists.d --serialize-diagnostics /Users/yanzixu/Documents/LazGUI/BUILD/CMakeFiles/CMakeTmp/CMAKE_TRY_COMPILE.build/Debug/cmTryCompileExec110201601.build/Objects-normal/x86_64/CheckSymbolExists.dia -c /Users/yanzixu/Documents/LazGUI/BUILD/CMakeFiles/CMakeTmp/CheckSymbolExists.cxx -o /Users/yanzixu/Documents/LazGUI/BUILD/CMakeFiles/CMakeTmp/CMAKE_TRY_COMPILE.build/Debug/cmTryCompileExec110201601.build/Objects-normal/x86_64/CheckSymbolExists.o
/Users/yanzixu/Documents/LazGUI/BUILD/CMakeFiles/CMakeTmp/CheckSymbolExists.cxx:8:19: error: use of undeclared identifier 'Q_WS_QWS'
  return ((int*)(&Q_WS_QWS))[argc];
                  ^
1 error generated.


File /Users/yanzixu/Documents/LazGUI/BUILD/CMakeFiles/CMakeTmp/CheckSymbolExists.cxx:
/* */
#include <QtCore/qglobal.h>

int main(int argc, char** argv)
{
  (void)argv;
#ifndef Q_WS_QWS
  return ((int*)(&Q_WS_QWS))[argc];
#else
  (void)argc;
  return 0;
#endif
}

